#---------------------------------------------------------
# HMC-SIM VERSION : 3.0
# DATE: 12/04/2019 10:57
#---------------------------------------------------------
# HMC_NUM_DEVICES       = 1
# HMC_NUM_LINKS         = 4
# HMC_NUM_QUADS         = 4
# HMC_NUM_VAULTS        = 32
# HMC_NUM_BANKS         = 16
# HMC_NUM_DRAMS         = 20
# HMC_CAPACITY_GB       = 4
# HMC_VAULT_QUEUE_DEPTH = 64
# HMC_XBAR_QUEUE_DEPTH  = 128
#---------------------------------------------------------
# LINK_PHY           = 0.000000
# LINK_LOCAL_ROUTE   = 0.000000
# LINK_REMOTE_ROUTE  = 0.000000
# XBAR_RQST_SLOT     = 0.000000
# XBAR_RSP_SLOT      = 0.000000
# XBAR_ROUTE_EXTERN  = 0.000000
# VAULT_RQST_SLOT    = 0.000000
# VAULT_RSP_SLOT     = 0.000000
# VAULT_CTRL         = 0.000000
# ROW_ACCESS         = 0.000000
#---------------------------------------------------------
HMCSIM_TRACE : 18460985 : T_LINK_PHY_POWER : 698319232
HMCSIM_TRACE : 18460985 : T_LINK_LOCAL_ROUTE_POWER : 25693495800
HMCSIM_TRACE : 18460985 : T_LINK_REMOTE_ROUTE_POWER : 161949326670
HMCSIM_TRACE : 18460985 : T_XBAR_RQST_SLOT_POWER : 13317188852
HMCSIM_TRACE : 18460985 : T_XBAR_RSP_SLOT_POWER : 609781325
HMCSIM_TRACE : 18460985 : T_XBAR_ROUTE_EXTERN_POWER : 0
HMCSIM_TRACE : 18460985 : T_VAULT_RQST_SLOT_POWER : 329537256174
HMCSIM_TRACE : 18460985 : T_VAULT_RSP_SLOT_POWER : 512216313
HMCSIM_TRACE : 18460985 : T_VAULT_CTRL_POWER : 369165840
HMCSIM_TRACE : 18460985 : T_ROW_ACCESS_POWER : 514058432
HMCSIM_TRACE : 18460985 : PACKET_LATENCY : 7211698688
