#---------------------------------------------------------
# HMC-SIM VERSION : 3.0
# DATE: 13/04/2019 08:27
#---------------------------------------------------------
# HMC_NUM_DEVICES       = 1
# HMC_NUM_LINKS         = 4
# HMC_NUM_QUADS         = 4
# HMC_NUM_VAULTS        = 32
# HMC_NUM_BANKS         = 16
# HMC_NUM_DRAMS         = 20
# HMC_CAPACITY_GB       = 4
# HMC_VAULT_QUEUE_DEPTH = 64
# HMC_XBAR_QUEUE_DEPTH  = 128
#---------------------------------------------------------
# LINK_PHY           = 0.000000
# LINK_LOCAL_ROUTE   = 0.000000
# LINK_REMOTE_ROUTE  = 0.000000
# XBAR_RQST_SLOT     = 0.000000
# XBAR_RSP_SLOT      = 0.000000
# XBAR_ROUTE_EXTERN  = 0.000000
# VAULT_RQST_SLOT    = 0.000000
# VAULT_RSP_SLOT     = 0.000000
# VAULT_CTRL         = 0.000000
# ROW_ACCESS         = 0.000000
#---------------------------------------------------------
HMCSIM_TRACE : 109195904 : T_LINK_PHY_POWER : 1073741824
HMCSIM_TRACE : 109195904 : T_LINK_LOCAL_ROUTE_POWER : 221816563360
HMCSIM_TRACE : 109195904 : T_LINK_REMOTE_ROUTE_POWER : 842795441760
HMCSIM_TRACE : 109195904 : T_XBAR_RQST_SLOT_POWER : 77782354804
HMCSIM_TRACE : 109195904 : T_XBAR_RSP_SLOT_POWER : 7320803950
HMCSIM_TRACE : 109195904 : T_XBAR_ROUTE_EXTERN_POWER : 0
HMCSIM_TRACE : 109195904 : T_VAULT_RQST_SLOT_POWER : 5751731030697
HMCSIM_TRACE : 109195904 : T_VAULT_RSP_SLOT_POWER : 6149475318
HMCSIM_TRACE : 109195904 : T_VAULT_CTRL_POWER : 4367794970
HMCSIM_TRACE : 109195904 : T_ROW_ACCESS_POWER : 536870912
HMCSIM_TRACE : 109195904 : PACKET_LATENCY : 61932333613
