#---------------------------------------------------------
# HMC-SIM VERSION : 3.0
# DATE: 12/04/2019 04:33
#---------------------------------------------------------
# HMC_NUM_DEVICES       = 1
# HMC_NUM_LINKS         = 4
# HMC_NUM_QUADS         = 4
# HMC_NUM_VAULTS        = 32
# HMC_NUM_BANKS         = 16
# HMC_NUM_DRAMS         = 20
# HMC_CAPACITY_GB       = 4
# HMC_VAULT_QUEUE_DEPTH = 64
# HMC_XBAR_QUEUE_DEPTH  = 128
#---------------------------------------------------------
# LINK_PHY           = 0.000000
# LINK_LOCAL_ROUTE   = 0.000000
# LINK_REMOTE_ROUTE  = 0.000000
# XBAR_RQST_SLOT     = 0.000000
# XBAR_RSP_SLOT      = 0.000000
# XBAR_ROUTE_EXTERN  = 0.000000
# VAULT_RQST_SLOT    = 0.000000
# VAULT_RSP_SLOT     = 0.000000
# VAULT_CTRL         = 0.000000
# ROW_ACCESS         = 0.000000
#---------------------------------------------------------
HMCSIM_TRACE : 56042361 : T_LINK_PHY_POWER : 1073741824
HMCSIM_TRACE : 56042361 : T_LINK_LOCAL_ROUTE_POWER : 107181217620
HMCSIM_TRACE : 56042361 : T_LINK_REMOTE_ROUTE_POWER : 492046318830
HMCSIM_TRACE : 56042361 : T_XBAR_RQST_SLOT_POWER : 43390152468
HMCSIM_TRACE : 56042361 : T_XBAR_RSP_SLOT_POWER : 1638215200
HMCSIM_TRACE : 56042361 : T_XBAR_ROUTE_EXTERN_POWER : 0
HMCSIM_TRACE : 56042361 : T_VAULT_RQST_SLOT_POWER : 1137317846940
HMCSIM_TRACE : 56042361 : T_VAULT_RSP_SLOT_POWER : 1376100768
HMCSIM_TRACE : 56042361 : T_VAULT_CTRL_POWER : 1113841560
HMCSIM_TRACE : 56042361 : T_ROW_ACCESS_POWER : 536870912
HMCSIM_TRACE : 56042361 : PACKET_LATENCY : 23237749156
