#---------------------------------------------------------
# HMC-SIM VERSION : 3.0
# DATE: 11/04/2019 22:45
#---------------------------------------------------------
# HMC_NUM_DEVICES       = 1
# HMC_NUM_LINKS         = 4
# HMC_NUM_QUADS         = 4
# HMC_NUM_VAULTS        = 32
# HMC_NUM_BANKS         = 16
# HMC_NUM_DRAMS         = 20
# HMC_CAPACITY_GB       = 4
# HMC_VAULT_QUEUE_DEPTH = 64
# HMC_XBAR_QUEUE_DEPTH  = 128
#---------------------------------------------------------
# LINK_PHY           = 0.000000
# LINK_LOCAL_ROUTE   = 0.000000
# LINK_REMOTE_ROUTE  = 0.000000
# XBAR_RQST_SLOT     = 0.000000
# XBAR_RSP_SLOT      = 0.000000
# XBAR_ROUTE_EXTERN  = 0.000000
# VAULT_RQST_SLOT    = 0.000000
# VAULT_RSP_SLOT     = 0.000000
# VAULT_CTRL         = 0.000000
# ROW_ACCESS         = 0.000000
#---------------------------------------------------------
HMCSIM_TRACE : 17360256 : T_LINK_PHY_POWER : 627872576
HMCSIM_TRACE : 17360256 : T_LINK_LOCAL_ROUTE_POWER : 29942568340
HMCSIM_TRACE : 17360256 : T_LINK_REMOTE_ROUTE_POWER : 124693137870
HMCSIM_TRACE : 17360256 : T_XBAR_RQST_SLOT_POWER : 11214276668
HMCSIM_TRACE : 17360256 : T_XBAR_RSP_SLOT_POWER : 1160700300
HMCSIM_TRACE : 17360256 : T_XBAR_ROUTE_EXTERN_POWER : 0
HMCSIM_TRACE : 17360256 : T_VAULT_RQST_SLOT_POWER : 715816446507
HMCSIM_TRACE : 17360256 : T_VAULT_RSP_SLOT_POWER : 974988252
HMCSIM_TRACE : 17360256 : T_VAULT_CTRL_POWER : 694338700
HMCSIM_TRACE : 17360256 : T_ROW_ACCESS_POWER : 536870912
HMCSIM_TRACE : 17360256 : PACKET_LATENCY : 9094976969
